2025-01-31 19:41:14.652 | INFO     | __main__:<module>:41 - Logging to file: logs\project_log.log
2025-01-31 19:41:14.653 | INFO     | __main__:main:63 - STARTING utils_logger.py
2025-01-31 19:41:14.653 | INFO     | __main__:log_example:54 - This is an example info message.
2025-01-31 19:41:14.653 | WARNING  | __main__:log_example:55 - This is an example warning message.
2025-01-31 19:41:14.654 | ERROR    | __main__:log_example:56 - This is an example error message.
2025-01-31 19:41:14.654 | INFO     | __main__:main:68 - View the log output at logs\project_log.log
2025-01-31 19:41:14.654 | INFO     | __main__:main:69 - EXITING utils_logger.py.
2025-01-31 19:45:42.195 | INFO     | utils_logger:<module>:41 - Logging to file: logs\project_log.log
2025-01-31 19:45:42.195 | INFO     | __main__:main:93 - Starting CSV fetch demonstration...
2025-01-31 19:45:42.196 | INFO     | __main__:fetch_csv_file:52 - Fetching CSV data from https://raw.githubusercontent.com/MainakRepositor/Datasets/master/World%20Happiness%20Data/2020.csv...
2025-01-31 19:45:42.525 | INFO     | __main__:write_csv_file:76 - Writing CSV data to example_data\2020_happiness.csv...
2025-01-31 19:45:42.526 | INFO     | __main__:write_csv_file:80 - SUCCESS: CSV data written to example_data\2020_happiness.csv
2025-01-31 19:45:42.527 | INFO     | __main__:fetch_csv_file:56 - SUCCESS: CSV file fetched and saved as 2020_happiness.csv
2025-01-31 19:45:48.220 | INFO     | utils_logger:<module>:41 - Logging to file: logs\project_log.log
2025-01-31 19:45:48.220 | INFO     | __main__:main:93 - Starting Excel fetch demonstration...
2025-01-31 19:45:48.220 | INFO     | __main__:fetch_excel_file:52 - Fetching Excel data from https://raw.githubusercontent.com/denisecase/datafun-03-analytics/main/hosted/Feedback.xlsx...
2025-01-31 19:45:48.558 | INFO     | __main__:write_excel_file:76 - Writing Excel data to example_data\feedback.xlsx...
2025-01-31 19:45:48.559 | INFO     | __main__:write_excel_file:80 - SUCCESS: Excel data written to example_data\feedback.xlsx
2025-01-31 19:45:48.559 | INFO     | __main__:fetch_excel_file:56 - SUCCESS: Excel file fetched and saved as feedback.xlsx
2025-01-31 19:45:54.674 | INFO     | utils_logger:<module>:41 - Logging to file: logs\project_log.log
2025-01-31 19:45:54.675 | INFO     | __main__:main:94 - Starting JSON fetch demonstration...
2025-01-31 19:45:54.675 | INFO     | __main__:fetch_json_file:53 - Fetching JSON data from http://api.open-notify.org/astros.json...
2025-01-31 19:45:55.775 | INFO     | __main__:write_json_file:77 - Writing JSON data to example_data\astros.json...
2025-01-31 19:45:55.776 | INFO     | __main__:write_json_file:81 - SUCCESS: JSON data written to example_data\astros.json
2025-01-31 19:45:55.777 | INFO     | __main__:fetch_json_file:57 - SUCCESS: JSON file fetched and saved as astros.json
2025-01-31 19:46:00.482 | INFO     | utils_logger:<module>:41 - Logging to file: logs\project_log.log
2025-01-31 19:46:00.482 | INFO     | __main__:main:93 - Starting text fetch demonstration...
2025-01-31 19:46:00.482 | INFO     | __main__:fetch_txt_file:52 - Fetching text data from https://raw.githubusercontent.com/denisecase/datafun-03-analytics/main/hosted/romeo.txt...
2025-01-31 19:46:01.018 | INFO     | __main__:write_txt_file:76 - Writing data to example_data\romeo.txt...
2025-01-31 19:46:01.020 | INFO     | __main__:write_txt_file:80 - SUCCESS: Data written to example_data\romeo.txt
2025-01-31 19:46:01.020 | INFO     | __main__:fetch_txt_file:56 - SUCCESS: Text file fetched and saved as romeo.txt
2025-01-31 19:46:08.624 | INFO     | utils_logger:<module>:41 - Logging to file: logs\project_log.log
2025-01-31 19:46:08.624 | INFO     | __main__:<module>:78 - Starting CSV processing...
2025-01-31 19:46:08.633 | INFO     | __main__:process_csv_file:71 - Processed CSV file: example_data\2020_happiness.csv, Statistics saved to: example_processed\happiness_ladder_score_stats.txt
2025-01-31 19:46:08.634 | INFO     | __main__:<module>:80 - CSV processing complete.
2025-01-31 19:46:13.862 | INFO     | utils_logger:<module>:41 - Logging to file: logs\project_log.log
2025-01-31 19:46:13.863 | INFO     | __main__:<module>:61 - Starting Excel processing...
2025-01-31 19:46:13.887 | INFO     | __main__:process_excel_file:54 - Processed Excel file: example_data\feedback.xlsx, Word count saved to: example_processed\excel_feedback_github_count.txt
2025-01-31 19:46:13.887 | INFO     | __main__:<module>:63 - Excel processing complete.
2025-01-31 19:46:19.481 | INFO     | utils_logger:<module>:41 - Logging to file: logs\project_log.log
2025-01-31 19:46:19.481 | INFO     | __main__:<module>:84 - Starting JSON processing...
2025-01-31 19:46:19.488 | INFO     | __main__:process_json_file:77 - Processed JSON file: example_data\astros.json, Results saved to: example_processed\json_astronauts_by_craft.txt
2025-01-31 19:46:19.489 | INFO     | __main__:<module>:86 - JSON processing complete.
2025-01-31 19:46:25.765 | INFO     | utils_logger:<module>:41 - Logging to file: logs\project_log.log
2025-01-31 19:46:25.765 | INFO     | __main__:<module>:52 - Starting text processing...
2025-01-31 19:46:25.782 | INFO     | __main__:process_text_file:45 - Processed text file: example_data\romeo.txt, Word count saved to: example_processed\text_romeo_word_count.txt
2025-01-31 19:46:25.782 | INFO     | __main__:<module>:54 - Text processing complete.
2025-01-31 20:02:58.578 | INFO     | utils_logger:<module>:41 - Logging to file: logs\project_log.log
2025-01-31 20:02:58.578 | INFO     | __main__:main:93 - Starting CSV fetch demonstration...
2025-01-31 20:02:58.578 | INFO     | __main__:fetch_csv_file:52 - Fetching CSV data from https://github.com/plotly/datasets/blob/master/diabetes.csv...
2025-01-31 20:02:59.109 | INFO     | __main__:write_csv_file:76 - Writing CSV data to data\diabetes.csv...
2025-01-31 20:02:59.112 | INFO     | __main__:write_csv_file:80 - SUCCESS: CSV data written to data\diabetes.csv
2025-01-31 20:02:59.112 | INFO     | __main__:fetch_csv_file:56 - SUCCESS: CSV file fetched and saved as diabetes.csv
2025-01-31 20:03:03.753 | INFO     | utils_logger:<module>:41 - Logging to file: logs\project_log.log
2025-01-31 20:03:03.754 | INFO     | __main__:main:93 - Starting Excel fetch demonstration...
2025-01-31 20:03:03.754 | INFO     | __main__:fetch_excel_file:52 - Fetching Excel data from https://github.com/bharathirajatut/sample-excel-dataset/blob/master/inflation.xls...
2025-01-31 20:03:04.117 | INFO     | __main__:write_excel_file:76 - Writing Excel data to data\inflation.xls...
2025-01-31 20:03:04.118 | INFO     | __main__:write_excel_file:80 - SUCCESS: Excel data written to data\inflation.xls
2025-01-31 20:03:04.119 | INFO     | __main__:fetch_excel_file:56 - SUCCESS: Excel file fetched and saved as inflation.xls
2025-01-31 20:03:07.720 | INFO     | utils_logger:<module>:41 - Logging to file: logs\project_log.log
2025-01-31 20:03:07.721 | INFO     | __main__:main:94 - Starting JSON fetch demonstration...
2025-01-31 20:03:07.721 | INFO     | __main__:fetch_json_file:53 - Fetching JSON data from http://api.open-notify.org/iss-now.json...
2025-01-31 20:03:07.815 | INFO     | __main__:write_json_file:77 - Writing JSON data to data\iss-now.json...
2025-01-31 20:03:07.816 | INFO     | __main__:write_json_file:81 - SUCCESS: JSON data written to data\iss-now.json
2025-01-31 20:03:07.816 | INFO     | __main__:fetch_json_file:57 - SUCCESS: JSON file fetched and saved as iss-now.json
2025-01-31 20:03:11.918 | INFO     | utils_logger:<module>:41 - Logging to file: logs\project_log.log
2025-01-31 20:03:11.919 | INFO     | __main__:main:93 - Starting text fetch demonstration...
2025-01-31 20:03:11.919 | INFO     | __main__:fetch_txt_file:52 - Fetching text data from https://github.com/Phylliida/Dialogue-Datasets/blob/master/MovieCorpus.txt...
2025-01-31 20:03:12.503 | INFO     | __main__:write_txt_file:76 - Writing data to data\MovieCorpus.txt...
2025-01-31 20:03:12.506 | INFO     | __main__:write_txt_file:80 - SUCCESS: Data written to data\MovieCorpus.txt
2025-01-31 20:03:12.506 | INFO     | __main__:fetch_txt_file:56 - SUCCESS: Text file fetched and saved as MovieCorpus.txt
2025-01-31 20:03:15.995 | INFO     | utils_logger:<module>:41 - Logging to file: logs\project_log.log
2025-01-31 20:03:15.995 | INFO     | __main__:<module>:78 - Starting CSV processing...
2025-01-31 20:03:16.045 | ERROR    | __main__:analyze_ladder_score:53 - Error processing CSV file: 'BloodPressure'
2025-01-31 20:03:38.944 | INFO     | utils_logger:<module>:41 - Logging to file: logs\project_log.log
2025-01-31 20:03:38.944 | INFO     | __main__:<module>:61 - Starting Excel processing...
2025-01-31 20:03:38.944 | ERROR    | __main__:count_word_in_column:41 - Error reading Excel file: openpyxl does not support the old .xls file format, please use xlrd to read this file, or convert it to the more recent .xlsx file format.
2025-01-31 20:03:38.945 | INFO     | __main__:process_excel_file:54 - Processed Excel file: data\inflation.xls, Word count saved to: data_processed\excel_inflation.txt
2025-01-31 20:03:38.946 | INFO     | __main__:<module>:63 - Excel processing complete.
2025-01-31 20:03:44.610 | INFO     | utils_logger:<module>:41 - Logging to file: logs\project_log.log
2025-01-31 20:03:44.611 | INFO     | __main__:<module>:84 - Starting JSON processing...
2025-01-31 20:03:44.618 | INFO     | __main__:process_json_file:77 - Processed JSON file: data\iss-now.json, Results saved to: data_processed\json_iss_position.txt
2025-01-31 20:03:44.618 | INFO     | __main__:<module>:86 - JSON processing complete.
2025-01-31 20:03:48.092 | INFO     | utils_logger:<module>:41 - Logging to file: logs\project_log.log
2025-01-31 20:03:48.092 | INFO     | __main__:<module>:52 - Starting text processing...
2025-01-31 20:03:48.131 | INFO     | __main__:process_text_file:45 - Processed text file: data\MovieCorpus.txt, Word count saved to: data_processed\MovieCorpus.txt
2025-01-31 20:03:48.132 | INFO     | __main__:<module>:54 - Text processing complete.
2025-01-31 20:10:52.091 | INFO     | utils_logger:<module>:41 - Logging to file: logs\project_log.log
2025-01-31 20:10:52.091 | INFO     | __main__:main:93 - Starting Excel fetch demonstration...
2025-01-31 20:10:52.092 | INFO     | __main__:fetch_excel_file:52 - Fetching Excel data from https://github.com/bharathirajatut/sample-excel-dataset/blob/master/inflation.xls...
2025-01-31 20:10:52.548 | INFO     | __main__:write_excel_file:76 - Writing Excel data to data\inflation.xls...
2025-01-31 20:10:52.549 | INFO     | __main__:write_excel_file:80 - SUCCESS: Excel data written to data\inflation.xls
2025-01-31 20:10:52.550 | INFO     | __main__:fetch_excel_file:56 - SUCCESS: Excel file fetched and saved as inflation.xls
2025-01-31 20:10:56.628 | INFO     | utils_logger:<module>:41 - Logging to file: logs\project_log.log
2025-01-31 20:10:56.628 | INFO     | __main__:<module>:61 - Starting Excel processing...
2025-01-31 20:10:56.629 | ERROR    | __main__:count_word_in_column:41 - Error reading Excel file: openpyxl does not support the old .xls file format, please use xlrd to read this file, or convert it to the more recent .xlsx file format.
2025-01-31 20:10:56.630 | INFO     | __main__:process_excel_file:54 - Processed Excel file: data\inflation.xls, Word count saved to: data_processed\excel_inflation.txt
2025-01-31 20:10:56.630 | INFO     | __main__:<module>:63 - Excel processing complete.
2025-01-31 20:15:26.999 | INFO     | utils_logger:<module>:41 - Logging to file: logs\project_log.log
2025-01-31 20:15:26.999 | INFO     | __main__:main:93 - Starting Excel fetch demonstration...
2025-01-31 20:15:26.999 | INFO     | __main__:fetch_excel_file:52 - Fetching Excel data from https://github.com/rohanmistry231/Practice-Datasets-for-Excel/blob/main/Adult%20Census%20Income/adult.xlsx...
2025-01-31 20:15:27.716 | INFO     | __main__:write_excel_file:76 - Writing Excel data to data\adult.xlsx...
2025-01-31 20:15:27.717 | INFO     | __main__:write_excel_file:80 - SUCCESS: Excel data written to data\adult.xlsx
2025-01-31 20:15:27.717 | INFO     | __main__:fetch_excel_file:56 - SUCCESS: Excel file fetched and saved as adult.xlsx
2025-01-31 20:15:34.475 | INFO     | utils_logger:<module>:41 - Logging to file: logs\project_log.log
2025-01-31 20:15:34.476 | INFO     | __main__:<module>:61 - Starting Excel processing...
2025-01-31 20:15:34.476 | ERROR    | __main__:count_word_in_column:41 - Error reading Excel file: openpyxl does not support the old .xls file format, please use xlrd to read this file, or convert it to the more recent .xlsx file format.
2025-01-31 20:15:34.477 | INFO     | __main__:process_excel_file:54 - Processed Excel file: data\adult.xls, Word count saved to: data_processed\adult_income.txt
2025-01-31 20:15:34.477 | INFO     | __main__:<module>:63 - Excel processing complete.
2025-01-31 20:17:26.696 | INFO     | utils_logger:<module>:41 - Logging to file: logs\project_log.log
2025-01-31 20:17:26.697 | INFO     | __main__:<module>:84 - Starting JSON processing...
2025-01-31 20:17:26.698 | INFO     | __main__:process_json_file:77 - Processed JSON file: data\iss-now.json, Results saved to: data_processed\json_iss_position.txt
2025-01-31 20:17:26.698 | INFO     | __main__:<module>:86 - JSON processing complete.
2025-01-31 20:18:55.013 | INFO     | utils_logger:<module>:41 - Logging to file: logs\project_log.log
2025-01-31 20:18:55.013 | INFO     | __main__:<module>:84 - Starting JSON processing...
2025-01-31 20:18:55.014 | ERROR    | __main__:count_astronauts_by_craft:61 - Error reading or processing JSON file: 'str' object has no attribute 'get'
2025-01-31 20:18:55.015 | INFO     | __main__:process_json_file:77 - Processed JSON file: data\iss-now.json, Results saved to: data_processed\json_iss_position.txt
2025-01-31 20:18:55.015 | INFO     | __main__:<module>:86 - JSON processing complete.
2025-01-31 20:19:01.677 | INFO     | utils_logger:<module>:41 - Logging to file: logs\project_log.log
2025-01-31 20:19:01.677 | INFO     | __main__:main:94 - Starting JSON fetch demonstration...
2025-01-31 20:19:01.677 | INFO     | __main__:fetch_json_file:53 - Fetching JSON data from http://api.open-notify.org/iss-now.json...
2025-01-31 20:19:01.783 | INFO     | __main__:write_json_file:77 - Writing JSON data to data\iss-now.json...
2025-01-31 20:19:01.784 | INFO     | __main__:write_json_file:81 - SUCCESS: JSON data written to data\iss-now.json
2025-01-31 20:19:01.784 | INFO     | __main__:fetch_json_file:57 - SUCCESS: JSON file fetched and saved as iss-now.json
2025-01-31 20:19:04.764 | INFO     | utils_logger:<module>:41 - Logging to file: logs\project_log.log
2025-01-31 20:19:04.765 | INFO     | __main__:<module>:84 - Starting JSON processing...
2025-01-31 20:19:04.771 | ERROR    | __main__:count_astronauts_by_craft:61 - Error reading or processing JSON file: 'str' object has no attribute 'get'
2025-01-31 20:19:04.772 | INFO     | __main__:process_json_file:77 - Processed JSON file: data\iss-now.json, Results saved to: data_processed\json_iss_position.txt
2025-01-31 20:19:04.772 | INFO     | __main__:<module>:86 - JSON processing complete.
2025-01-31 20:22:57.831 | INFO     | utils_logger:<module>:41 - Logging to file: logs\project_log.log
2025-01-31 20:22:57.831 | INFO     | __main__:<module>:84 - Starting JSON processing...
2025-01-31 20:22:57.832 | ERROR    | __main__:count_astronauts_by_craft:61 - Error reading or processing JSON file: 'str' object has no attribute 'get'
2025-01-31 20:22:57.832 | INFO     | __main__:process_json_file:77 - Processed JSON file: data\iss-now.json, Results saved to: data_processed\json_iss_position.txt
2025-01-31 20:22:57.833 | INFO     | __main__:<module>:86 - JSON processing complete.
2025-01-31 20:25:49.001 | INFO     | utils_logger:<module>:41 - Logging to file: logs\project_log.log
2025-01-31 20:25:49.001 | INFO     | __main__:main:93 - Starting CSV fetch demonstration...
2025-01-31 20:25:49.001 | INFO     | __main__:fetch_csv_file:52 - Fetching CSV data from https://github.com/plotly/datasets/blob/master/diabetes.csv...
2025-01-31 20:25:49.449 | INFO     | __main__:write_csv_file:76 - Writing CSV data to data\diabetes.csv...
2025-01-31 20:25:49.452 | INFO     | __main__:write_csv_file:80 - SUCCESS: CSV data written to data\diabetes.csv
2025-01-31 20:25:49.453 | INFO     | __main__:fetch_csv_file:56 - SUCCESS: CSV file fetched and saved as diabetes.csv
2025-01-31 20:25:54.501 | INFO     | utils_logger:<module>:41 - Logging to file: logs\project_log.log
2025-01-31 20:25:54.501 | INFO     | __main__:main:93 - Starting Excel fetch demonstration...
2025-01-31 20:25:54.502 | INFO     | __main__:fetch_excel_file:52 - Fetching Excel data from https://github.com/rohanmistry231/Practice-Datasets-for-Excel/blob/main/Adult%20Census%20Income/adult.xlsx...
2025-01-31 20:25:55.316 | INFO     | __main__:write_excel_file:76 - Writing Excel data to data\adult.xlsx...
2025-01-31 20:25:55.317 | INFO     | __main__:write_excel_file:80 - SUCCESS: Excel data written to data\adult.xlsx
2025-01-31 20:25:55.317 | INFO     | __main__:fetch_excel_file:56 - SUCCESS: Excel file fetched and saved as adult.xlsx
2025-01-31 20:25:59.748 | INFO     | utils_logger:<module>:41 - Logging to file: logs\project_log.log
2025-01-31 20:25:59.749 | INFO     | __main__:main:94 - Starting JSON fetch demonstration...
2025-01-31 20:25:59.749 | INFO     | __main__:fetch_json_file:53 - Fetching JSON data from http://api.open-notify.org/iss-now.json...
2025-01-31 20:26:00.915 | INFO     | __main__:write_json_file:77 - Writing JSON data to data\iss-now.json...
2025-01-31 20:26:00.916 | INFO     | __main__:write_json_file:81 - SUCCESS: JSON data written to data\iss-now.json
2025-01-31 20:26:00.916 | INFO     | __main__:fetch_json_file:57 - SUCCESS: JSON file fetched and saved as iss-now.json
2025-01-31 20:26:04.337 | INFO     | utils_logger:<module>:41 - Logging to file: logs\project_log.log
2025-01-31 20:26:04.338 | INFO     | __main__:main:93 - Starting text fetch demonstration...
2025-01-31 20:26:04.338 | INFO     | __main__:fetch_txt_file:52 - Fetching text data from https://github.com/Phylliida/Dialogue-Datasets/blob/master/MovieCorpus.txt...
2025-01-31 20:26:05.087 | INFO     | __main__:write_txt_file:76 - Writing data to data\MovieCorpus.txt...
2025-01-31 20:26:05.089 | INFO     | __main__:write_txt_file:80 - SUCCESS: Data written to data\MovieCorpus.txt
2025-01-31 20:26:05.090 | INFO     | __main__:fetch_txt_file:56 - SUCCESS: Text file fetched and saved as MovieCorpus.txt
2025-01-31 20:26:09.965 | INFO     | utils_logger:<module>:41 - Logging to file: logs\project_log.log
2025-01-31 20:26:09.965 | INFO     | __main__:<module>:78 - Starting CSV processing...
2025-01-31 20:26:10.010 | ERROR    | __main__:analyze_ladder_score:53 - Error processing CSV file: 'BloodPressure'
2025-01-31 20:26:16.157 | INFO     | utils_logger:<module>:41 - Logging to file: logs\project_log.log
2025-01-31 20:26:16.157 | INFO     | __main__:<module>:61 - Starting Excel processing...
2025-01-31 20:26:16.157 | ERROR    | __main__:count_word_in_column:41 - Error reading Excel file: openpyxl does not support the old .xls file format, please use xlrd to read this file, or convert it to the more recent .xlsx file format.
2025-01-31 20:26:16.158 | INFO     | __main__:process_excel_file:54 - Processed Excel file: data\adult.xls, Word count saved to: data_processed\adult_income.txt
2025-01-31 20:26:16.158 | INFO     | __main__:<module>:63 - Excel processing complete.
2025-01-31 20:26:45.743 | INFO     | utils_logger:<module>:41 - Logging to file: logs\project_log.log
2025-01-31 20:26:45.744 | INFO     | __main__:<module>:61 - Starting Excel processing...
2025-01-31 20:26:45.781 | ERROR    | __main__:count_word_in_column:41 - Error reading Excel file: File is not a zip file
2025-01-31 20:26:45.783 | INFO     | __main__:process_excel_file:54 - Processed Excel file: data\adult.xlsx, Word count saved to: data_processed\adult_income.txt
2025-01-31 20:26:45.783 | INFO     | __main__:<module>:63 - Excel processing complete.
2025-01-31 20:27:47.858 | INFO     | utils_logger:<module>:41 - Logging to file: logs\project_log.log
2025-01-31 20:27:47.859 | INFO     | __main__:<module>:61 - Starting Excel processing...
2025-01-31 20:27:47.859 | ERROR    | __main__:count_word_in_column:41 - Error reading Excel file: File is not a zip file
2025-01-31 20:27:47.860 | INFO     | __main__:process_excel_file:54 - Processed Excel file: data\adult.xlsx, Word count saved to: data_processed\adult_income.txt
2025-01-31 20:27:47.860 | INFO     | __main__:<module>:63 - Excel processing complete.
2025-01-31 20:28:27.911 | INFO     | utils_logger:<module>:41 - Logging to file: logs\project_log.log
2025-01-31 20:28:27.911 | INFO     | __main__:<module>:84 - Starting JSON processing...
2025-01-31 20:28:27.919 | ERROR    | __main__:count_astronauts_by_craft:61 - Error reading or processing JSON file: 'str' object has no attribute 'get'
2025-01-31 20:28:27.920 | INFO     | __main__:process_json_file:77 - Processed JSON file: data\iss-now.json, Results saved to: data_processed\json_iss_position.txt
2025-01-31 20:28:27.920 | INFO     | __main__:<module>:86 - JSON processing complete.
2025-01-31 20:32:52.478 | INFO     | utils_logger:<module>:41 - Logging to file: logs\project_log.log
2025-01-31 20:32:52.478 | INFO     | __main__:<module>:84 - Starting JSON processing...
2025-01-31 20:32:52.478 | ERROR    | __main__:count_astronauts_by_craft:61 - Error reading or processing JSON file: 'str' object has no attribute 'get'
2025-01-31 20:32:52.479 | INFO     | __main__:process_json_file:77 - Processed JSON file: data\iss-now.json, Results saved to: data_processed\json_iss_position.txt
2025-01-31 20:32:52.480 | INFO     | __main__:<module>:86 - JSON processing complete.
2025-01-31 20:39:01.423 | INFO     | utils_logger:<module>:41 - Logging to file: logs\project_log.log
2025-01-31 20:39:01.424 | INFO     | __main__:<module>:91 - Starting JSON processing...
2025-01-31 20:39:35.636 | INFO     | utils_logger:<module>:41 - Logging to file: logs\project_log.log
2025-01-31 20:39:35.637 | INFO     | __main__:<module>:91 - Starting JSON processing...
2025-01-31 20:40:27.529 | INFO     | utils_logger:<module>:41 - Logging to file: logs\project_log.log
2025-01-31 20:40:27.529 | INFO     | __main__:<module>:91 - Starting JSON processing...
2025-01-31 20:40:27.530 | INFO     | __main__:process_json_file:87 - Processed JSON file: data\iss-now.json, Results saved to: data_processed\iss_location.txt
2025-01-31 20:40:27.531 | INFO     | __main__:<module>:93 - JSON processing complete.
2025-01-31 20:40:49.950 | INFO     | utils_logger:<module>:41 - Logging to file: logs\project_log.log
2025-01-31 20:40:49.950 | INFO     | __main__:main:93 - Starting Excel fetch demonstration...
2025-01-31 20:40:49.950 | INFO     | __main__:fetch_excel_file:52 - Fetching Excel data from https://view.officeapps.live.com/op/view.aspx?src=https%3A%2F%2Fraw.githubusercontent.com%2Frohanmistry231%2FPractice-Datasets-for-Excel%2Frefs%2Fheads%2Fmain%2FAdult%2520Census%2520Income%2Fadult.xlsx&wdOrigin=BROWSELINK...
2025-01-31 20:40:50.122 | INFO     | __main__:write_excel_file:76 - Writing Excel data to data\adult.xlsx...
2025-01-31 20:40:50.123 | INFO     | __main__:write_excel_file:80 - SUCCESS: Excel data written to data\adult.xlsx
2025-01-31 20:40:50.123 | INFO     | __main__:fetch_excel_file:56 - SUCCESS: Excel file fetched and saved as adult.xlsx
2025-01-31 20:40:53.317 | INFO     | utils_logger:<module>:41 - Logging to file: logs\project_log.log
2025-01-31 20:40:53.317 | INFO     | __main__:<module>:61 - Starting Excel processing...
2025-01-31 20:40:53.372 | ERROR    | __main__:count_word_in_column:41 - Error reading Excel file: File is not a zip file
2025-01-31 20:40:53.373 | INFO     | __main__:process_excel_file:54 - Processed Excel file: data\adult.xlsx, Word count saved to: data_processed\adult_income.txt
2025-01-31 20:40:53.374 | INFO     | __main__:<module>:63 - Excel processing complete.
2025-01-31 20:40:58.428 | INFO     | utils_logger:<module>:41 - Logging to file: logs\project_log.log
2025-01-31 20:40:58.429 | INFO     | __main__:<module>:91 - Starting JSON processing...
2025-01-31 20:40:58.430 | INFO     | __main__:process_json_file:87 - Processed JSON file: data\iss-now.json, Results saved to: data_processed\iss_location.txt
2025-01-31 20:40:58.430 | INFO     | __main__:<module>:93 - JSON processing complete.
2025-01-31 20:41:13.671 | INFO     | utils_logger:<module>:41 - Logging to file: logs\project_log.log
2025-01-31 20:41:13.671 | INFO     | __main__:main:93 - Starting CSV fetch demonstration...
2025-01-31 20:41:13.672 | INFO     | __main__:fetch_csv_file:52 - Fetching CSV data from https://github.com/plotly/datasets/blob/master/diabetes.csv...
2025-01-31 20:41:14.102 | INFO     | __main__:write_csv_file:76 - Writing CSV data to data\diabetes.csv...
2025-01-31 20:41:14.105 | INFO     | __main__:write_csv_file:80 - SUCCESS: CSV data written to data\diabetes.csv
2025-01-31 20:41:14.105 | INFO     | __main__:fetch_csv_file:56 - SUCCESS: CSV file fetched and saved as diabetes.csv
2025-01-31 20:41:43.254 | INFO     | utils_logger:<module>:41 - Logging to file: logs\project_log.log
2025-01-31 20:41:43.255 | INFO     | __main__:main:93 - Starting CSV fetch demonstration...
2025-01-31 20:41:43.255 | INFO     | __main__:fetch_csv_file:52 - Fetching CSV data from https://raw.githubusercontent.com/plotly/datasets/refs/heads/master/diabetes.csv...
2025-01-31 20:41:43.295 | INFO     | __main__:write_csv_file:76 - Writing CSV data to data\diabetes.csv...
2025-01-31 20:41:43.297 | INFO     | __main__:write_csv_file:80 - SUCCESS: CSV data written to data\diabetes.csv
2025-01-31 20:41:43.297 | INFO     | __main__:fetch_csv_file:56 - SUCCESS: CSV file fetched and saved as diabetes.csv
2025-01-31 20:41:47.242 | INFO     | utils_logger:<module>:41 - Logging to file: logs\project_log.log
2025-01-31 20:41:47.243 | INFO     | __main__:main:93 - Starting Excel fetch demonstration...
2025-01-31 20:41:47.243 | INFO     | __main__:fetch_excel_file:52 - Fetching Excel data from https://view.officeapps.live.com/op/view.aspx?src=https%3A%2F%2Fraw.githubusercontent.com%2Frohanmistry231%2FPractice-Datasets-for-Excel%2Frefs%2Fheads%2Fmain%2FAdult%2520Census%2520Income%2Fadult.xlsx&wdOrigin=BROWSELINK...
2025-01-31 20:41:47.607 | INFO     | __main__:write_excel_file:76 - Writing Excel data to data\adult.xlsx...
2025-01-31 20:41:47.608 | INFO     | __main__:write_excel_file:80 - SUCCESS: Excel data written to data\adult.xlsx
2025-01-31 20:41:47.608 | INFO     | __main__:fetch_excel_file:56 - SUCCESS: Excel file fetched and saved as adult.xlsx
2025-01-31 20:41:51.419 | INFO     | utils_logger:<module>:41 - Logging to file: logs\project_log.log
2025-01-31 20:41:51.419 | INFO     | __main__:main:94 - Starting JSON fetch demonstration...
2025-01-31 20:41:51.420 | INFO     | __main__:fetch_json_file:53 - Fetching JSON data from http://api.open-notify.org/iss-now.json...
2025-01-31 20:42:18.035 | INFO     | utils_logger:<module>:41 - Logging to file: logs\project_log.log
2025-01-31 20:42:18.035 | INFO     | __main__:main:93 - Starting text fetch demonstration...
2025-01-31 20:42:18.036 | INFO     | __main__:fetch_txt_file:52 - Fetching text data from https://github.com/Phylliida/Dialogue-Datasets/blob/master/MovieCorpus.txt...
2025-01-31 20:42:18.594 | INFO     | __main__:write_txt_file:76 - Writing data to data\MovieCorpus.txt...
2025-01-31 20:42:18.597 | INFO     | __main__:write_txt_file:80 - SUCCESS: Data written to data\MovieCorpus.txt
2025-01-31 20:42:18.598 | INFO     | __main__:fetch_txt_file:56 - SUCCESS: Text file fetched and saved as MovieCorpus.txt
2025-01-31 20:42:22.745 | INFO     | utils_logger:<module>:41 - Logging to file: logs\project_log.log
2025-01-31 20:42:22.746 | INFO     | __main__:<module>:78 - Starting CSV processing...
2025-01-31 20:42:22.757 | INFO     | __main__:process_csv_file:71 - Processed CSV file: data\diabetes.csv, Statistics saved to: data_processed\diabetes.txt
2025-01-31 20:42:22.758 | INFO     | __main__:<module>:80 - CSV processing complete.
2025-01-31 20:42:26.430 | INFO     | utils_logger:<module>:41 - Logging to file: logs\project_log.log
2025-01-31 20:42:26.430 | INFO     | __main__:<module>:61 - Starting Excel processing...
2025-01-31 20:42:26.466 | ERROR    | __main__:count_word_in_column:41 - Error reading Excel file: File is not a zip file
2025-01-31 20:42:26.468 | INFO     | __main__:process_excel_file:54 - Processed Excel file: data\adult.xlsx, Word count saved to: data_processed\adult_income.txt
2025-01-31 20:42:26.468 | INFO     | __main__:<module>:63 - Excel processing complete.
2025-01-31 20:44:46.021 | INFO     | utils_logger:<module>:41 - Logging to file: logs\project_log.log
2025-01-31 20:44:46.021 | INFO     | __main__:main:93 - Starting Excel fetch demonstration...
2025-01-31 20:44:46.021 | INFO     | __main__:fetch_excel_file:52 - Fetching Excel data from https://github.com/rohanmistry231/Practice-Datasets-for-Excel/raw/refs/heads/main/Adult%20Census%20Income/adult.xlsx...
2025-01-31 20:44:46.507 | INFO     | __main__:write_excel_file:76 - Writing Excel data to data\adult.xlsx...
2025-01-31 20:44:46.509 | INFO     | __main__:write_excel_file:80 - SUCCESS: Excel data written to data\adult.xlsx
2025-01-31 20:44:46.509 | INFO     | __main__:fetch_excel_file:56 - SUCCESS: Excel file fetched and saved as adult.xlsx
2025-01-31 20:44:54.110 | INFO     | utils_logger:<module>:41 - Logging to file: logs\project_log.log
2025-01-31 20:44:54.111 | INFO     | __main__:main:94 - Starting JSON fetch demonstration...
2025-01-31 20:44:54.111 | INFO     | __main__:fetch_json_file:53 - Fetching JSON data from http://api.open-notify.org/iss-now.json...
2025-01-31 20:44:57.224 | INFO     | __main__:write_json_file:77 - Writing JSON data to data\iss-now.json...
2025-01-31 20:44:57.225 | INFO     | __main__:write_json_file:81 - SUCCESS: JSON data written to data\iss-now.json
2025-01-31 20:44:57.225 | INFO     | __main__:fetch_json_file:57 - SUCCESS: JSON file fetched and saved as iss-now.json
2025-01-31 20:45:01.133 | INFO     | utils_logger:<module>:41 - Logging to file: logs\project_log.log
2025-01-31 20:45:01.134 | INFO     | __main__:main:93 - Starting text fetch demonstration...
2025-01-31 20:45:01.134 | INFO     | __main__:fetch_txt_file:52 - Fetching text data from https://github.com/Phylliida/Dialogue-Datasets/blob/master/MovieCorpus.txt...
2025-01-31 20:45:01.515 | INFO     | __main__:write_txt_file:76 - Writing data to data\MovieCorpus.txt...
2025-01-31 20:45:01.518 | INFO     | __main__:write_txt_file:80 - SUCCESS: Data written to data\MovieCorpus.txt
2025-01-31 20:45:01.519 | INFO     | __main__:fetch_txt_file:56 - SUCCESS: Text file fetched and saved as MovieCorpus.txt
2025-01-31 20:45:04.924 | INFO     | utils_logger:<module>:41 - Logging to file: logs\project_log.log
2025-01-31 20:45:04.924 | INFO     | __main__:<module>:78 - Starting CSV processing...
2025-01-31 20:45:04.928 | INFO     | __main__:process_csv_file:71 - Processed CSV file: data\diabetes.csv, Statistics saved to: data_processed\diabetes.txt
2025-01-31 20:45:04.928 | INFO     | __main__:<module>:80 - CSV processing complete.
2025-01-31 20:45:09.470 | INFO     | utils_logger:<module>:41 - Logging to file: logs\project_log.log
2025-01-31 20:45:09.471 | INFO     | __main__:<module>:61 - Starting Excel processing...
2025-01-31 20:45:12.627 | INFO     | __main__:process_excel_file:54 - Processed Excel file: data\adult.xlsx, Word count saved to: data_processed\adult_income.txt
2025-01-31 20:45:12.627 | INFO     | __main__:<module>:63 - Excel processing complete.
2025-01-31 20:45:16.296 | INFO     | utils_logger:<module>:41 - Logging to file: logs\project_log.log
2025-01-31 20:45:16.297 | INFO     | __main__:<module>:91 - Starting JSON processing...
2025-01-31 20:45:16.304 | INFO     | __main__:process_json_file:87 - Processed JSON file: data\iss-now.json, Results saved to: data_processed\iss_location.txt
2025-01-31 20:45:16.304 | INFO     | __main__:<module>:93 - JSON processing complete.
2025-01-31 20:45:21.456 | INFO     | utils_logger:<module>:41 - Logging to file: logs\project_log.log
2025-01-31 20:45:21.456 | INFO     | __main__:<module>:52 - Starting text processing...
2025-01-31 20:45:21.497 | INFO     | __main__:process_text_file:45 - Processed text file: data\MovieCorpus.txt, Word count saved to: data_processed\MovieCorpus.txt
2025-01-31 20:45:21.498 | INFO     | __main__:<module>:54 - Text processing complete.
2025-01-31 20:48:56.770 | INFO     | utils_logger:<module>:41 - Logging to file: logs\project_log.log
2025-01-31 20:48:56.770 | INFO     | __main__:<module>:61 - Starting Excel processing...
2025-01-31 20:48:59.942 | INFO     | __main__:process_excel_file:54 - Processed Excel file: data\adult.xlsx, Word count saved to: data_processed\adult_income.txt
2025-01-31 20:48:59.943 | INFO     | __main__:<module>:63 - Excel processing complete.
